<?xml version="1.0" encoding="UTF-8"?>
<robot generator="Robot 5.0 (Python 3.7.9 on win32)" generated="20220518 12:54:44.538" rpa="false" schemaversion="3">
<suite id="s1" name="Test" source="C:\Users\ett19810\PycharmProjects\Test_01\Robot_Test\Test.robot">
<test id="s1-t1" name="Open Main Page" line="8">
<kw name="Open Browser" library="SeleniumLibrary">
<arg>${url}</arg>
<arg>${browser}</arg>
<doc>Opens a new browser instance to the optional ``url``.</doc>
<msg timestamp="20220518 12:54:44.685" level="INFO">Opening browser 'chrome' to base url 'https://www.google.com/'.</msg>
<status status="PASS" starttime="20220518 12:54:44.685" endtime="20220518 12:54:46.362"/>
</kw>
<kw name="Maximize Browser Window" library="SeleniumLibrary">
<doc>Maximizes current browser window.</doc>
<status status="PASS" starttime="20220518 12:54:46.362" endtime="20220518 12:54:46.484"/>
</kw>
<kw name="Click Button" library="SeleniumLibrary">
<arg>xpath://button[@id='L2AGLb']</arg>
<doc>Clicks the button identified by ``locator``.</doc>
<msg timestamp="20220518 12:54:46.484" level="INFO">Clicking button 'xpath://button[@id='L2AGLb']'.</msg>
<status status="PASS" starttime="20220518 12:54:46.484" endtime="20220518 12:54:46.522"/>
</kw>
<kw name="Input Text" library="SeleniumLibrary">
<arg>xpath://input[@class='gLFyf gsfi']</arg>
<arg>Best restaurant in lahti</arg>
<doc>Types the given ``text`` into the text field identified by ``locator``.</doc>
<msg timestamp="20220518 12:54:46.523" level="INFO">Typing text 'Best restaurant in lahti' into text field 'xpath://input[@class='gLFyf gsfi']'.</msg>
<status status="PASS" starttime="20220518 12:54:46.523" endtime="20220518 12:54:46.575"/>
</kw>
<kw name="Press Keys" library="SeleniumLibrary">
<arg>xpath://input[@class='gLFyf gsfi']</arg>
<arg>ENTER</arg>
<doc>Simulates the user pressing key(s) to an element or on the active browser.</doc>
<msg timestamp="20220518 12:54:46.576" level="INFO">Sending key(s) ('ENTER',) to xpath://input[@class='gLFyf gsfi'] element.</msg>
<msg timestamp="20220518 12:54:46.846" level="INFO">Pressing special key ENTER to element.</msg>
<msg timestamp="20220518 12:54:46.846" level="INFO">Releasing special key ENTER.</msg>
<status status="PASS" starttime="20220518 12:54:46.576" endtime="20220518 12:54:48.696"/>
</kw>
<kw name="Get Text" library="SeleniumLibrary">
<var>${text1}</var>
<arg>xpath:(//div[@class='dbg0pd'])[1]</arg>
<doc>Returns the text value of the element identified by ``locator``.</doc>
<msg timestamp="20220518 12:54:48.716" level="INFO">${text1} = Viikinkiravintola Harald</msg>
<status status="PASS" starttime="20220518 12:54:48.696" endtime="20220518 12:54:48.716"/>
</kw>
<kw name="Get Text" library="SeleniumLibrary">
<var>${text2}</var>
<arg>xpath:(//div[@class='dbg0pd'])[2]</arg>
<doc>Returns the text value of the element identified by ``locator``.</doc>
<msg timestamp="20220518 12:54:48.735" level="INFO">${text2} = Nepalilainen ravintola Sagun</msg>
<status status="PASS" starttime="20220518 12:54:48.716" endtime="20220518 12:54:48.735"/>
</kw>
<kw name="Get Text" library="SeleniumLibrary">
<var>${text3}</var>
<arg>xpath:(//div[@class='dbg0pd'])[3]</arg>
<doc>Returns the text value of the element identified by ``locator``.</doc>
<msg timestamp="20220518 12:54:48.752" level="INFO">${text3} = Bistro Popot</msg>
<status status="PASS" starttime="20220518 12:54:48.735" endtime="20220518 12:54:48.753"/>
</kw>
<kw name="Log To Console" library="BuiltIn">
<arg>${text1}</arg>
<doc>Logs the given message to the console.</doc>
<status status="PASS" starttime="20220518 12:54:48.753" endtime="20220518 12:54:48.753"/>
</kw>
<kw name="Log To Console" library="BuiltIn">
<arg>${text2}</arg>
<doc>Logs the given message to the console.</doc>
<status status="PASS" starttime="20220518 12:54:48.754" endtime="20220518 12:54:48.754"/>
</kw>
<kw name="Log To Console" library="BuiltIn">
<arg>${text3}</arg>
<doc>Logs the given message to the console.</doc>
<status status="PASS" starttime="20220518 12:54:48.754" endtime="20220518 12:54:48.754"/>
</kw>
<kw name="Close All Browsers" library="SeleniumLibrary">
<doc>Closes all open browsers and resets the browser cache.</doc>
<status status="PASS" starttime="20220518 12:54:48.755" endtime="20220518 12:54:50.840"/>
</kw>
<status status="PASS" starttime="20220518 12:54:44.685" endtime="20220518 12:54:50.840"/>
</test>
<test id="s1-t2" name="Lounas" line="21">
<kw name="Open Browser" library="SeleniumLibrary">
<arg>${url}</arg>
<arg>${browser}</arg>
<doc>Opens a new browser instance to the optional ``url``.</doc>
<msg timestamp="20220518 12:54:50.840" level="INFO">Opening browser 'chrome' to base url 'https://www.google.com/'.</msg>
<status status="PASS" starttime="20220518 12:54:50.840" endtime="20220518 12:54:52.484"/>
</kw>
<kw name="Maximize Browser Window" library="SeleniumLibrary">
<doc>Maximizes current browser window.</doc>
<status status="PASS" starttime="20220518 12:54:52.484" endtime="20220518 12:54:52.601"/>
</kw>
<kw name="Click Button" library="SeleniumLibrary">
<arg>xpath://button[@id='L2AGLb']</arg>
<doc>Clicks the button identified by ``locator``.</doc>
<msg timestamp="20220518 12:54:52.601" level="INFO">Clicking button 'xpath://button[@id='L2AGLb']'.</msg>
<status status="PASS" starttime="20220518 12:54:52.601" endtime="20220518 12:54:52.647"/>
</kw>
<kw name="Input Text" library="SeleniumLibrary">
<arg>xpath://input[@class='gLFyf gsfi']</arg>
<arg>Best restaurant in lahti</arg>
<doc>Types the given ``text`` into the text field identified by ``locator``.</doc>
<msg timestamp="20220518 12:54:52.648" level="INFO">Typing text 'Best restaurant in lahti' into text field 'xpath://input[@class='gLFyf gsfi']'.</msg>
<status status="PASS" starttime="20220518 12:54:52.647" endtime="20220518 12:54:52.701"/>
</kw>
<kw name="Press Keys" library="SeleniumLibrary">
<arg>xpath://input[@class='gLFyf gsfi']</arg>
<arg>ENTER</arg>
<doc>Simulates the user pressing key(s) to an element or on the active browser.</doc>
<msg timestamp="20220518 12:54:52.702" level="INFO">Sending key(s) ('ENTER',) to xpath://input[@class='gLFyf gsfi'] element.</msg>
<msg timestamp="20220518 12:54:52.992" level="INFO">Pressing special key ENTER to element.</msg>
<msg timestamp="20220518 12:54:52.992" level="INFO">Releasing special key ENTER.</msg>
<status status="PASS" starttime="20220518 12:54:52.702" endtime="20220518 12:54:54.359"/>
</kw>
<kw name="Click Element" library="SeleniumLibrary">
<arg>xpath:(//div[@class='dbg0pd'])[1]</arg>
<doc>Click the element identified by ``locator``.</doc>
<msg timestamp="20220518 12:54:54.360" level="INFO">Clicking element 'xpath:(//div[@class='dbg0pd'])[1]'.</msg>
<status status="PASS" starttime="20220518 12:54:54.360" endtime="20220518 12:54:56.101"/>
</kw>
<kw name="Click Element" library="SeleniumLibrary">
<arg>xpath:(//a[@class='xFAlBc'])[1]</arg>
<doc>Click the element identified by ``locator``.</doc>
<msg timestamp="20220518 12:54:56.101" level="INFO">Clicking element 'xpath:(//a[@class='xFAlBc'])[1]'.</msg>
<msg timestamp="20220518 12:54:56.308" level="INFO" html="true">&lt;/td&gt;&lt;/tr&gt;&lt;tr&gt;&lt;td colspan="3"&gt;&lt;a href="selenium-screenshot-6.png"&gt;&lt;img src="selenium-screenshot-6.png" width="800px"&gt;&lt;/a&gt;</msg>
<msg timestamp="20220518 12:54:56.308" level="FAIL">Element with locator 'xpath:(//a[@class='xFAlBc'])[1]' not found.</msg>
<status status="FAIL" starttime="20220518 12:54:56.101" endtime="20220518 12:54:56.310"/>
</kw>
<status status="FAIL" starttime="20220518 12:54:50.840" endtime="20220518 12:54:56.311">Element with locator 'xpath:(//a[@class='xFAlBc'])[1]' not found.</status>
</test>
<status status="FAIL" starttime="20220518 12:54:44.538" endtime="20220518 12:54:56.312"/>
</suite>
<statistics>
<total>
<stat pass="1" fail="1" skip="0">All Tests</stat>
</total>
<tag>
</tag>
<suite>
<stat pass="1" fail="1" skip="0" id="s1" name="Test">Test</stat>
</suite>
</statistics>
<errors>
</errors>
</robot>
